Determining if the pthread_create exist failed with the following output:
Change Dir: /home/morgan/projects/ros_cws_planner/build/python_orocos_kdl/CMakeFiles/CMakeTmp

Run Build Command:"/usr/bin/make" "cmTC_1140e/fast"
/usr/bin/make -f CMakeFiles/cmTC_1140e.dir/build.make CMakeFiles/cmTC_1140e.dir/build
make[1]: Entering directory '/home/morgan/projects/ros_cws_planner/build/python_orocos_kdl/CMakeFiles/CMakeTmp'
Building C object CMakeFiles/cmTC_1140e.dir/CheckSymbolExists.c.o
/usr/bin/cc    -o CMakeFiles/cmTC_1140e.dir/CheckSymbolExists.c.o   -c /home/morgan/projects/ros_cws_planner/build/python_orocos_kdl/CMakeFiles/CMakeTmp/CheckSymbolExists.c
Linking C executable cmTC_1140e
/usr/bin/cmake -E cmake_link_script CMakeFiles/cmTC_1140e.dir/link.txt --verbose=1
/usr/bin/cc      -rdynamic CMakeFiles/cmTC_1140e.dir/CheckSymbolExists.c.o  -o cmTC_1140e 
CMakeFiles/cmTC_1140e.dir/CheckSymbolExists.c.o: In function `main':
CheckSymbolExists.c:(.text+0x1b): undefined reference to `pthread_create'
collect2: error: ld returned 1 exit status
CMakeFiles/cmTC_1140e.dir/build.make:97: recipe for target 'cmTC_1140e' failed
make[1]: *** [cmTC_1140e] Error 1
make[1]: Leaving directory '/home/morgan/projects/ros_cws_planner/build/python_orocos_kdl/CMakeFiles/CMakeTmp'
Makefile:126: recipe for target 'cmTC_1140e/fast' failed
make: *** [cmTC_1140e/fast] Error 2

File /home/morgan/projects/ros_cws_planner/build/python_orocos_kdl/CMakeFiles/CMakeTmp/CheckSymbolExists.c:
/* */
#include <pthread.h>

int main(int argc, char** argv)
{
  (void)argv;
#ifndef pthread_create
  return ((int*)(&pthread_create))[argc];
#else
  (void)argc;
  return 0;
#endif
}

Determining if the function pthread_create exists in the pthreads failed with the following output:
Change Dir: /home/morgan/projects/ros_cws_planner/build/python_orocos_kdl/CMakeFiles/CMakeTmp

Run Build Command:"/usr/bin/make" "cmTC_fca40/fast"
/usr/bin/make -f CMakeFiles/cmTC_fca40.dir/build.make CMakeFiles/cmTC_fca40.dir/build
make[1]: Entering directory '/home/morgan/projects/ros_cws_planner/build/python_orocos_kdl/CMakeFiles/CMakeTmp'
Building C object CMakeFiles/cmTC_fca40.dir/CheckFunctionExists.c.o
/usr/bin/cc   -DCHECK_FUNCTION_EXISTS=pthread_create   -o CMakeFiles/cmTC_fca40.dir/CheckFunctionExists.c.o   -c /usr/share/cmake-3.10/Modules/CheckFunctionExists.c
Linking C executable cmTC_fca40
/usr/bin/cmake -E cmake_link_script CMakeFiles/cmTC_fca40.dir/link.txt --verbose=1
/usr/bin/cc  -DCHECK_FUNCTION_EXISTS=pthread_create    -rdynamic CMakeFiles/cmTC_fca40.dir/CheckFunctionExists.c.o  -o cmTC_fca40 -lpthreads 
/usr/bin/ld: cannot find -lpthreads
collect2: error: ld returned 1 exit status
CMakeFiles/cmTC_fca40.dir/build.make:97: recipe for target 'cmTC_fca40' failed
make[1]: *** [cmTC_fca40] Error 1
make[1]: Leaving directory '/home/morgan/projects/ros_cws_planner/build/python_orocos_kdl/CMakeFiles/CMakeTmp'
Makefile:126: recipe for target 'cmTC_fca40/fast' failed
make: *** [cmTC_fca40/fast] Error 2


